0 info it worked if it ends with ok
1 verbose cli [ '/usr/local/bin/node', '/usr/local/bin/npm', 'link' ]
2 info using npm@1.4.28
3 info using node@v0.10.33
4 verbose linkPkg /home/gianarb/git/yo-generator-test
5 verbose link build target /usr/local/lib/node_modules/generator-test
6 verbose install where,what [ '/home/gianarb/git/yo-generator-test', [] ]
7 verbose readDependencies using package.json deps
8 verbose install where, deps [ '/home/gianarb/git/yo-generator-test',
8 verbose install   [ 'yeoman-generator' ] ]
9 info preinstall generator-test@0.0.1
10 verbose readDependencies using package.json deps
11 verbose already installed skipping yeoman-generator@^0.17 /home/gianarb/git/yo-generator-test
12 silly resolved []
13 info build /home/gianarb/git/yo-generator-test
14 verbose linkStuff [ false, false, false, '/home/gianarb/git' ]
15 info linkStuff generator-test@0.0.1
16 verbose linkBins generator-test@0.0.1
17 verbose linkMans generator-test@0.0.1
18 verbose rebuildBundles generator-test@0.0.1
19 verbose rebuildBundles [ '.bin', 'yeoman-generator', 'yo' ]
20 verbose rebuild bundle /home/gianarb/git/yo-generator-test/node_modules/yo
21 info build /home/gianarb/git/yo-generator-test/node_modules/yo
22 info preinstall yo@1.3.3
23 verbose linkStuff [ false,
23 verbose linkStuff   false,
23 verbose linkStuff   false,
23 verbose linkStuff   '/home/gianarb/git/yo-generator-test/node_modules' ]
24 info linkStuff yo@1.3.3
25 warn prefer global yo@1.3.3 should be installed with -g
26 verbose linkBins yo@1.3.3
27 verbose link bins [ { yo: 'cli.js' },
27 verbose link bins   '/home/gianarb/git/yo-generator-test/node_modules/.bin',
27 verbose link bins   false ]
28 verbose linkMans yo@1.3.3
29 verbose rebuildBundles yo@1.3.3
30 info install yo@1.3.3
31 info postinstall yo@1.3.3
32 verbose unsafe-perm in lifecycle false
33 info yo@1.3.3 Failed to exec postinstall script
34 error yo@1.3.3 postinstall: `yodoctor`
34 error Exit status 127
35 error Failed at the yo@1.3.3 postinstall script.
35 error This is most likely a problem with the yo package,
35 error not with npm itself.
35 error Tell the author that this fails on your system:
35 error     yodoctor
35 error You can get their info via:
35 error     npm owner ls yo
35 error There is likely additional logging output above.
36 error System Linux 3.11.0-26-generic
37 error command "/usr/local/bin/node" "/usr/local/bin/npm" "link"
38 error cwd /home/gianarb/git/yo-generator-test
39 error node -v v0.10.33
40 error npm -v 1.4.28
41 error code ELIFECYCLE
42 verbose exit [ 1, true ]
